Start testing: Feb 25 18:53 W. Europe Standard Time
----------------------------------------------------------
1/3 Testing: SessionDetailModelTest
1/3 Test: SessionDetailModelTest
Command: "C:/Z_Programming_Backup/Programming/projects/gymApp/build/Debug/SessionDetailModelTest.exe"
Directory: C:/Z_Programming_Backup/Programming/projects/gymApp/build
"SessionDetailModelTest" start time: Feb 25 18:53 W. Europe Standard Time
Output:
----------------------------------------------------------
<end of output>
Test time =   0.05 sec
----------------------------------------------------------
Test Passed.
"SessionDetailModelTest" end time: Feb 25 18:53 W. Europe Standard Time
"SessionDetailModelTest" time elapsed: 00:00:00
----------------------------------------------------------

3/3 Testing: SessionEditorModelInvokeTest
3/3 Test: SessionEditorModelInvokeTest
Command: "C:/Z_Programming_Backup/Programming/projects/gymApp/build/Debug/SessionEditorModelInvokeTest.exe"
Directory: C:/Z_Programming_Backup/Programming/projects/gymApp/build
"SessionEditorModelInvokeTest" start time: Feb 25 18:53 W. Europe Standard Time
Output:
----------------------------------------------------------
[36m[2026-02-25T18:53:20.769][DEBUG][cyan] C:\Z_Programming_Backup\Programming\projects\gymApp\model\SessionEditorModel.cpp:99 (loadSession) | loadSession called with id=-1
[0m[32m[2026-02-25T18:53:20.769][DEBUG][green] C:\Z_Programming_Backup\Programming\projects\gymApp\model\SessionEditorModel.cpp:87 (ensureSession) | Created new session 1
[0m[35m[2026-02-25T18:53:20.769][DEBUG][magenta] C:\Z_Programming_Backup\Programming\projects\gymApp\model\SessionEditorModel.cpp:167 (reloadExercises) | reloadExercises sessionId=1 count=0 []
[0m[33m[2026-02-25T18:53:20.769][DEBUG][yellow] C:\Z_Programming_Backup\Programming\projects\gymApp\model\SessionEditorModel.cpp:113 (loadSession) | Initialized new session editor; sessionId=1, exercises=0
[0mAdding exercise with sessionId=1, machineId=1, machineNameSnapshot='', orderIndex=0, comment='Warmup'
[35m[2026-02-25T18:53:20.770][DEBUG][magenta] C:\Z_Programming_Backup\Programming\projects\gymApp\model\SessionEditorModel.cpp:167 (reloadExercises) | reloadExercises sessionId=1 count=1 [#1 Bench Press sets=0]
[0m[35m[2026-02-25T18:53:20.771][DEBUG][magenta] C:\Z_Programming_Backup\Programming\projects\gymApp\model\SessionEditorModel.cpp:167 (reloadExercises) | reloadExercises sessionId=1 count=1 [#1 Bench Press sets=1]
[0m[35m[2026-02-25T18:53:20.771][DEBUG][magenta] C:\Z_Programming_Backup\Programming\projects\gymApp\model\SessionEditorModel.cpp:167 (reloadExercises) | reloadExercises sessionId=1 count=1 [#1 Row sets=1]
[0m[35m[2026-02-25T18:53:20.772][DEBUG][magenta] C:\Z_Programming_Backup\Programming\projects\gymApp\model\SessionEditorModel.cpp:167 (reloadExercises) | reloadExercises sessionId=1 count=1 [#1 Row sets=0]
[0m
<end of output>
Test time =   0.05 sec
----------------------------------------------------------
Test Passed.
"SessionEditorModelInvokeTest" end time: Feb 25 18:53 W. Europe Standard Time
"SessionEditorModelInvokeTest" time elapsed: 00:00:00
----------------------------------------------------------

End testing: Feb 25 18:53 W. Europe Standard Time
