Start testing: Feb 05 21:06 W. Europe Standard Time
----------------------------------------------------------
1/3 Testing: SessionDetailModelTest
1/3 Test: SessionDetailModelTest
Command: "C:/Z_Programming_Backup/Programming/projects/gymApp/build/Debug/SessionDetailModelTest.exe"
Directory: C:/Z_Programming_Backup/Programming/projects/gymApp/build
"SessionDetailModelTest" start time: Feb 05 21:06 W. Europe Standard Time
Output:
----------------------------------------------------------
********* Start testing of SessionDetailModelTest *********
Config: Using QtTest library 6.8.2, Qt 6.8.2 (x86_64-little_endian-llp64 shared (dynamic) debug build; by MSVC 2022), windows 11
PASS   : SessionDetailModelTest::initTestCase()
QDEBUG : SessionDetailModelTest::loadSession_readsExercisesAndSets() SessionDetailModel: loading session 1
QDEBUG : SessionDetailModelTest::loadSession_readsExercisesAndSets() SessionDetailModel: loaded session 1 exercises 1
QWARN  : SessionDetailModelTest::loadSession_readsExercisesAndSets() qt.sql.qsqldatabase: QSqlDatabasePrivate::removeDatabase: connection 'test' is still in use, all queries will cease to work.
PASS   : SessionDetailModelTest::loadSession_readsExercisesAndSets()
PASS   : SessionDetailModelTest::cleanupTestCase()
Totals: 3 passed, 0 failed, 0 skipped, 0 blacklisted, 10ms
********* Finished testing of SessionDetailModelTest *********
<end of output>
Test time =   0.02 sec
----------------------------------------------------------
Test Passed.
"SessionDetailModelTest" end time: Feb 05 21:06 W. Europe Standard Time
"SessionDetailModelTest" time elapsed: 00:00:00
----------------------------------------------------------

2/3 Testing: RepositoryCrudTest
2/3 Test: RepositoryCrudTest
Command: "C:/Z_Programming_Backup/Programming/projects/gymApp/build/Debug/RepositoryCrudTest.exe"
Directory: C:/Z_Programming_Backup/Programming/projects/gymApp/build
"RepositoryCrudTest" start time: Feb 05 21:06 W. Europe Standard Time
Output:
----------------------------------------------------------
********* Start testing of RepositoryCrudTest *********
Config: Using QtTest library 6.8.2, Qt 6.8.2 (x86_64-little_endian-llp64 shared (dynamic) debug build; by MSVC 2022), windows 11
PASS   : RepositoryCrudTest::initTestCase()
QWARN  : RepositoryCrudTest::crud_flow() qt.sql.qsqldatabase: QSqlDatabasePrivate::removeDatabase: connection 'crud' is still in use, all queries will cease to work.
PASS   : RepositoryCrudTest::crud_flow()
PASS   : RepositoryCrudTest::cleanupTestCase()
Totals: 3 passed, 0 failed, 0 skipped, 0 blacklisted, 10ms
********* Finished testing of RepositoryCrudTest *********
<end of output>
Test time =   0.13 sec
----------------------------------------------------------
Test Passed.
"RepositoryCrudTest" end time: Feb 05 21:06 W. Europe Standard Time
"RepositoryCrudTest" time elapsed: 00:00:00
----------------------------------------------------------

3/3 Testing: SessionEditorModelInvokeTest
3/3 Test: SessionEditorModelInvokeTest
Command: "C:/Z_Programming_Backup/Programming/projects/gymApp/build/Debug/SessionEditorModelInvokeTest.exe"
Directory: C:/Z_Programming_Backup/Programming/projects/gymApp/build
"SessionEditorModelInvokeTest" start time: Feb 05 21:06 W. Europe Standard Time
Output:
----------------------------------------------------------
********* Start testing of SessionEditorModelInvokeTest *********
Config: Using QtTest library 6.8.2, Qt 6.8.2 (x86_64-little_endian-llp64 shared (dynamic) debug build; by MSVC 2022), windows 11
PASS   : SessionEditorModelInvokeTest::initTestCase()
QWARN  : SessionEditorModelInvokeTest::invoke_methods_behave_like_qml() qt.sql.qsqldatabase: QSqlDatabasePrivate::removeDatabase: connection 'invoke' is still in use, all queries will cease to work.
PASS   : SessionEditorModelInvokeTest::invoke_methods_behave_like_qml()
PASS   : SessionEditorModelInvokeTest::cleanupTestCase()
Totals: 3 passed, 0 failed, 0 skipped, 0 blacklisted, 11ms
********* Finished testing of SessionEditorModelInvokeTest *********
<end of output>
Test time =   0.03 sec
----------------------------------------------------------
Test Passed.
"SessionEditorModelInvokeTest" end time: Feb 05 21:06 W. Europe Standard Time
"SessionEditorModelInvokeTest" time elapsed: 00:00:00
----------------------------------------------------------

End testing: Feb 05 21:06 W. Europe Standard Time
